<?xml version="1.0" encoding="UTF-8"?>
<testng-results skipped="0" failed="2" total="7" passed="5">
  <reporter-output>
  </reporter-output>
  <suite name="Default suite" duration-ms="42863" started-at="2019-12-03T07:45:49Z" finished-at="2019-12-03T07:46:32Z">
    <groups>
    </groups>
    <test name="Default test" duration-ms="42863" started-at="2019-12-03T07:45:49Z" finished-at="2019-12-03T07:46:32Z">
      <class name="com.edu.auto.PermalinksTest">
        <test-method status="PASS" signature="open()[pri:0, instance:com.edu.auto.PermalinksTest@17d99928]" name="open" is-config="true" duration-ms="35470" started-at="2019-12-03T15:45:49Z" finished-at="2019-12-03T15:46:25Z">
          <reporter-output>
          </reporter-output>
        </test-method> <!-- open -->
        <test-method status="PASS" signature="testUrl(java.lang.String)[pri:0, instance:com.edu.auto.PermalinksTest@17d99928]" name="testUrl" duration-ms="1081" started-at="2019-12-03T15:46:25Z" data-provider="getUrl" finished-at="2019-12-03T15:46:26Z">
          <params>
            <param index="0">
              <value>
                <![CDATA[/%year%]]>
              </value>
            </param>
          </params>
          <reporter-output>
          </reporter-output>
        </test-method> <!-- testUrl -->
        <test-method status="PASS" signature="testUrl(java.lang.String)[pri:0, instance:com.edu.auto.PermalinksTest@17d99928]" name="testUrl" duration-ms="970" started-at="2019-12-03T15:46:26Z" data-provider="getUrl" finished-at="2019-12-03T15:46:27Z">
          <params>
            <param index="0">
              <value>
                <![CDATA[/%monthnum%]]>
              </value>
            </param>
          </params>
          <reporter-output>
          </reporter-output>
        </test-method> <!-- testUrl -->
        <test-method status="PASS" signature="testUrl(java.lang.String)[pri:0, instance:com.edu.auto.PermalinksTest@17d99928]" name="testUrl" duration-ms="898" started-at="2019-12-03T15:46:27Z" data-provider="getUrl" finished-at="2019-12-03T15:46:28Z">
          <params>
            <param index="0">
              <value>
                <![CDATA[/%day%]]>
              </value>
            </param>
          </params>
          <reporter-output>
          </reporter-output>
        </test-method> <!-- testUrl -->
        <test-method status="PASS" signature="testUrl(java.lang.String)[pri:0, instance:com.edu.auto.PermalinksTest@17d99928]" name="testUrl" duration-ms="1026" started-at="2019-12-03T15:46:28Z" data-provider="getUrl" finished-at="2019-12-03T15:46:29Z">
          <params>
            <param index="0">
              <value>
                <![CDATA[/%time%]]>
              </value>
            </param>
          </params>
          <reporter-output>
          </reporter-output>
        </test-method> <!-- testUrl -->
        <test-method status="PASS" signature="testUrl(java.lang.String)[pri:0, instance:com.edu.auto.PermalinksTest@17d99928]" name="testUrl" duration-ms="985" started-at="2019-12-03T15:46:29Z" data-provider="getUrl" finished-at="2019-12-03T15:46:30Z">
          <params>
            <param index="0">
              <value>
                <![CDATA[/   ]]>
              </value>
            </param>
          </params>
          <reporter-output>
          </reporter-output>
        </test-method> <!-- testUrl -->
        <test-method status="FAIL" signature="testUrl(java.lang.String)[pri:0, instance:com.edu.auto.PermalinksTest@17d99928]" name="testUrl" duration-ms="928" started-at="2019-12-03T15:46:30Z" data-provider="getUrl" finished-at="2019-12-03T15:46:31Z">
          <params>
            <param index="0">
              <value>
                <![CDATA[/@@]]>
              </value>
            </param>
          </params>
          <exception class="java.lang.AssertionError">
            <message>
              <![CDATA[expected [true] but found [false]]]>
            </message>
            <full-stacktrace>
              <![CDATA[java.lang.AssertionError: expected [true] but found [false]
	at org.testng.Assert.fail(Assert.java:94)
	at org.testng.Assert.failNotEquals(Assert.java:513)
	at org.testng.Assert.assertTrue(Assert.java:42)
	at org.testng.Assert.assertTrue(Assert.java:52)
	at com.edu.auto.PermalinksTest.testUrl(PermalinksTest.java:62)
	at sun.reflect.NativeMethodAccessorImpl.invoke0(Native Method)
	at sun.reflect.NativeMethodAccessorImpl.invoke(NativeMethodAccessorImpl.java:62)
	at sun.reflect.DelegatingMethodAccessorImpl.invoke(DelegatingMethodAccessorImpl.java:43)
	at java.lang.reflect.Method.invoke(Method.java:497)
	at org.testng.internal.MethodInvocationHelper.invokeMethod(MethodInvocationHelper.java:86)
	at org.testng.internal.Invoker.invokeMethod(Invoker.java:645)
	at org.testng.internal.Invoker.invokeTestMethod(Invoker.java:822)
	at org.testng.internal.Invoker.invokeTestMethods(Invoker.java:1130)
	at org.testng.internal.TestMethodWorker.invokeTestMethods(TestMethodWorker.java:129)
	at org.testng.internal.TestMethodWorker.run(TestMethodWorker.java:112)
	at org.testng.TestRunner.privateRun(TestRunner.java:782)
	at org.testng.TestRunner.run(TestRunner.java:632)
	at org.testng.SuiteRunner.runTest(SuiteRunner.java:366)
	at org.testng.SuiteRunner.runSequentially(SuiteRunner.java:361)
	at org.testng.SuiteRunner.privateRun(SuiteRunner.java:319)
	at org.testng.SuiteRunner.run(SuiteRunner.java:268)
	at org.testng.SuiteRunnerWorker.runSuite(SuiteRunnerWorker.java:52)
	at org.testng.SuiteRunnerWorker.run(SuiteRunnerWorker.java:86)
	at org.testng.TestNG.runSuitesSequentially(TestNG.java:1244)
	at org.testng.TestNG.runSuitesLocally(TestNG.java:1169)
	at org.testng.TestNG.run(TestNG.java:1064)
	at org.testng.remote.RemoteTestNG.run(RemoteTestNG.java:113)
	at org.testng.remote.RemoteTestNG.initAndRun(RemoteTestNG.java:206)
	at org.testng.remote.RemoteTestNG.main(RemoteTestNG.java:177)
]]>
            </full-stacktrace>
          </exception> <!-- java.lang.AssertionError -->
          <reporter-output>
          </reporter-output>
        </test-method> <!-- testUrl -->
        <test-method status="FAIL" signature="testUrl(java.lang.String)[pri:0, instance:com.edu.auto.PermalinksTest@17d99928]" name="testUrl" duration-ms="861" started-at="2019-12-03T15:46:31Z" data-provider="getUrl" finished-at="2019-12-03T15:46:32Z">
          <params>
            <param index="0">
              <value>
                <![CDATA[day]]>
              </value>
            </param>
          </params>
          <exception class="java.lang.AssertionError">
            <message>
              <![CDATA[expected [true] but found [false]]]>
            </message>
            <full-stacktrace>
              <![CDATA[java.lang.AssertionError: expected [true] but found [false]
	at org.testng.Assert.fail(Assert.java:94)
	at org.testng.Assert.failNotEquals(Assert.java:513)
	at org.testng.Assert.assertTrue(Assert.java:42)
	at org.testng.Assert.assertTrue(Assert.java:52)
	at com.edu.auto.PermalinksTest.testUrl(PermalinksTest.java:62)
	at sun.reflect.NativeMethodAccessorImpl.invoke0(Native Method)
	at sun.reflect.NativeMethodAccessorImpl.invoke(NativeMethodAccessorImpl.java:62)
	at sun.reflect.DelegatingMethodAccessorImpl.invoke(DelegatingMethodAccessorImpl.java:43)
	at java.lang.reflect.Method.invoke(Method.java:497)
	at org.testng.internal.MethodInvocationHelper.invokeMethod(MethodInvocationHelper.java:86)
	at org.testng.internal.Invoker.invokeMethod(Invoker.java:645)
	at org.testng.internal.Invoker.invokeTestMethod(Invoker.java:822)
	at org.testng.internal.Invoker.invokeTestMethods(Invoker.java:1130)
	at org.testng.internal.TestMethodWorker.invokeTestMethods(TestMethodWorker.java:129)
	at org.testng.internal.TestMethodWorker.run(TestMethodWorker.java:112)
	at org.testng.TestRunner.privateRun(TestRunner.java:782)
	at org.testng.TestRunner.run(TestRunner.java:632)
	at org.testng.SuiteRunner.runTest(SuiteRunner.java:366)
	at org.testng.SuiteRunner.runSequentially(SuiteRunner.java:361)
	at org.testng.SuiteRunner.privateRun(SuiteRunner.java:319)
	at org.testng.SuiteRunner.run(SuiteRunner.java:268)
	at org.testng.SuiteRunnerWorker.runSuite(SuiteRunnerWorker.java:52)
	at org.testng.SuiteRunnerWorker.run(SuiteRunnerWorker.java:86)
	at org.testng.TestNG.runSuitesSequentially(TestNG.java:1244)
	at org.testng.TestNG.runSuitesLocally(TestNG.java:1169)
	at org.testng.TestNG.run(TestNG.java:1064)
	at org.testng.remote.RemoteTestNG.run(RemoteTestNG.java:113)
	at org.testng.remote.RemoteTestNG.initAndRun(RemoteTestNG.java:206)
	at org.testng.remote.RemoteTestNG.main(RemoteTestNG.java:177)
]]>
            </full-stacktrace>
          </exception> <!-- java.lang.AssertionError -->
          <reporter-output>
          </reporter-output>
        </test-method> <!-- testUrl -->
      </class> <!-- com.edu.auto.PermalinksTest -->
    </test> <!-- Default test -->
  </suite> <!-- Default suite -->
</testng-results>
